<?xml version="1.0" encoding="UTF-8"?>
<testsuite name="com.spring.springbootapplication.SpringbootApplicationTests" tests="1" skipped="0" failures="0" errors="0" timestamp="2025-09-25T08:41:31" hostname="bc71e2184c51" time="0.532">
  <properties/>
  <testcase name="contextLoads()" classname="com.spring.springbootapplication.SpringbootApplicationTests" time="0.532"/>
  <system-out><![CDATA[08:41:29.788 [Test worker] INFO org.springframework.test.context.support.AnnotationConfigContextLoaderUtils -- Could not detect default configuration classes for test class [com.spring.springbootapplication.SpringbootApplicationTests]: SpringbootApplicationTests does not declare any static, non-private, non-final, nested classes annotated with @Configuration.
08:41:29.841 [Test worker] INFO org.springframework.boot.test.context.SpringBootTestContextBootstrapper -- Found @SpringBootConfiguration com.spring.springbootapplication.SpringbootApplication for test class com.spring.springbootapplication.SpringbootApplicationTests

  .   ____          _            __ _ _
 /\\ / ___'_ __ _ _(_)_ __  __ _ \ \ \ \
( ( )\___ | '_ | '_| | '_ \/ _` | \ \ \ \
 \\/  ___)| |_)| | | | | || (_| |  ) ) ) )
  '  |____| .__|_| |_|_| |_\__, | / / / /
 =========|_|==============|___/=/_/_/_/
 :: Spring Boot ::                (v3.2.4)

2025-09-25T08:41:30.070Z  INFO 333 --- [springboot-application] [    Test worker] c.s.s.SpringbootApplicationTests         : Starting SpringbootApplicationTests using Java 17.0.16 with PID 333 (started by root in /app)
2025-09-25T08:41:30.071Z  INFO 333 --- [springboot-application] [    Test worker] c.s.s.SpringbootApplicationTests         : No active profile set, falling back to 1 default profile: "default"
2025-09-25T08:41:30.527Z  WARN 333 --- [springboot-application] [    Test worker] o.m.s.mapper.ClassPathMapperScanner      : No MyBatis mapper was found in '[com.spring.springbootapplication]' package. Please check your configuration.
2025-09-25T08:41:30.855Z  WARN 333 --- [springboot-application] [    Test worker] ion$DefaultTemplateResolverConfiguration : Cannot find template location: classpath:/templates/ (please add some templates, check your Thymeleaf configuration, or set spring.thymeleaf.check-template-location=false)
2025-09-25T08:41:30.928Z  INFO 333 --- [springboot-application] [    Test worker] com.zaxxer.hikari.HikariDataSource       : HikariPool-1 - Starting...
2025-09-25T08:41:30.991Z  INFO 333 --- [springboot-application] [    Test worker] com.zaxxer.hikari.pool.HikariPool        : HikariPool-1 - Added connection org.postgresql.jdbc.PgConnection@60b5e80d
2025-09-25T08:41:30.992Z  INFO 333 --- [springboot-application] [    Test worker] com.zaxxer.hikari.HikariDataSource       : HikariPool-1 - Start completed.
2025-09-25T08:41:31.036Z  INFO 333 --- [springboot-application] [    Test worker] o.f.c.internal.license.VersionPrinter    : Flyway Community Edition 9.22.3 by Redgate
2025-09-25T08:41:31.036Z  INFO 333 --- [springboot-application] [    Test worker] o.f.c.internal.license.VersionPrinter    : See release notes here: https://rd.gt/416ObMi
2025-09-25T08:41:31.036Z  INFO 333 --- [springboot-application] [    Test worker] o.f.c.internal.license.VersionPrinter    : 
2025-09-25T08:41:31.043Z  INFO 333 --- [springboot-application] [    Test worker] org.flywaydb.core.FlywayExecutor         : Database: jdbc:postgresql://db:5432/dev (PostgreSQL 13.1)
2025-09-25T08:41:31.055Z  INFO 333 --- [springboot-application] [    Test worker] o.f.c.i.s.JdbcTableSchemaHistory         : Schema history table "public"."flyway_schema_history" does not exist yet
2025-09-25T08:41:31.056Z  INFO 333 --- [springboot-application] [    Test worker] o.f.core.internal.command.DbValidate     : Successfully validated 0 migrations (execution time 00:00.004s)
2025-09-25T08:41:31.056Z  WARN 333 --- [springboot-application] [    Test worker] o.f.core.internal.command.DbValidate     : No migrations found. Are your locations set up correctly?
2025-09-25T08:41:31.068Z  INFO 333 --- [springboot-application] [    Test worker] o.f.c.i.s.JdbcTableSchemaHistory         : Creating Schema History table "public"."flyway_schema_history" ...
2025-09-25T08:41:31.101Z  INFO 333 --- [springboot-application] [    Test worker] o.f.core.internal.command.DbMigrate      : Current version of schema "public": << Empty Schema >>
2025-09-25T08:41:31.104Z  INFO 333 --- [springboot-application] [    Test worker] o.f.core.internal.command.DbMigrate      : Schema "public" is up to date. No migration necessary.
2025-09-25T08:41:31.192Z  INFO 333 --- [springboot-application] [    Test worker] c.s.s.SpringbootApplicationTests         : Started SpringbootApplicationTests in 1.261 seconds (process running for 1.817)
]]></system-out>
  <system-err><![CDATA[]]></system-err>
</testsuite>
